// 重构日志: e643d1c7
// 重构日志: 8c648414
// 重构日志: 7fe7a77f
// 同步 ID: 3e3034fe @ Mon Jul  6 20:09:55 UTC 2026
// 重构日志: dfb0809e
// 重构日志: 8b726bb3
// 重构日志: 6f3bf697
// 重构日志: ac637db9
// 同步 ID: 7881ee6b @ Sat Jul 11 15:27:32 UTC 2026
// 重构日志: ae06e036
// 重构日志: c601855e
// 同步 ID: bef56f8d @ Mon Jul 13 22:07:08 UTC 2026
// 重构日志: e8750ec3
// 重构日志: 5ffc4c26
// 重构日志: a3d3bf1c
// 重构日志: c8fc691d
// 重构日志: 59580aa4
// 同步 ID: 2f00fe4e @ Thu Jul 16 23:55:54 UTC 2026
// 同步 ID: 4dc21583 @ Fri Jul 17 07:54:57 UTC 2026
// 重构日志: ccbac312
// 同步 ID: 82bfcf60 @ Mon Jul 20 08:49:46 UTC 2026
// 重构日志: 7cdf8ecf
// 重构日志: d4f75995
// 重构日志: b36c73ed
// 重构日志: 0d5258f9
// 同步 ID: 174dcb7f @ Wed Jul 22 17:54:46 UTC 2026
// 重构日志: a70ebf75
// 重构日志: c1e5d113
// 重构日志: 274c0926
// 同步 ID: cad1ccc7 @ Fri Jul 24 21:55:49 UTC 2026
